<?xml version="1.0" encoding="UTF-8"?>
<!-- Generated by org.testng.reporters.JUnitReportReporter -->
<testsuite hostname="AMIGO" failures="0" tests="4" name="demoblaze.DemoblazeRunner" time="42.538" errors="0" timestamp="2024-08-19T15:12:19 IST" skipped="0">
  <testcase classname="demoblaze.DemoblazeRunner" name="tc3_addNokiaToCart" time="11.376"/>
  <testcase classname="demoblaze.DemoblazeRunner" name="tc4_deleteFirstProductAndPlaceOrder" time="8.670"/>
  <testcase classname="demoblaze.DemoblazeRunner" name="tc1_addIphoneToCart" time="11.194"/>
  <testcase classname="demoblaze.DemoblazeRunner" name="tc2_addNexusToCart" time="11.298"/>
</testsuite> <!-- demoblaze.DemoblazeRunner -->
