<?xml version="1.0" encoding="UTF-8"?>
<!-- Generated by org.testng.reporters.JUnitReportReporter -->
<testsuite hostname="AMIGO" failures="0" tests="4" name="demoblaze.DemoblazeRunner" time="42.702" errors="0" timestamp="2024-07-09T22:08:51 IST" skipped="0">
  <testcase classname="demoblaze.DemoblazeRunner" name="tc1_addIphoneToCart" time="12.144"/>
  <testcase classname="demoblaze.DemoblazeRunner" name="tc3_addNokiaToCart" time="10.610"/>
  <testcase classname="demoblaze.DemoblazeRunner" name="tc4_deleteFirstProductAndPlaceOrder" time="8.065"/>
  <testcase classname="demoblaze.DemoblazeRunner" name="tc2_addNexusToCart" time="11.883"/>
</testsuite> <!-- demoblaze.DemoblazeRunner -->
