<?xml version="1.0" encoding="UTF-8"?>
<!-- Generated by org.testng.reporters.JUnitReportReporter -->
<testsuite hostname="AMIGO" failures="0" tests="1" name="demoblaze.RunnnerDemoblaze" time="34.962" errors="0" timestamp="2024-07-08T20:12:01 IST" skipped="0">
  <testcase classname="demoblaze.RunnnerDemoblaze" name="tc1" time="34.962"/>
</testsuite> <!-- demoblaze.RunnnerDemoblaze -->
